<html>
<head>
<title>TestNG:  Default test</title>
<link href="../testng.css" rel="stylesheet" type="text/css" />
<link href="../my-testng.css" rel="stylesheet" type="text/css" />

<style type="text/css">
.log { display: none;} 
.stack-trace { display: none;} 
</style>
<script type="text/javascript">
<!--
function flip(e) {
  current = e.style.display;
  if (current == 'block') {
    e.style.display = 'none';
    return 0;
  }
  else {
    e.style.display = 'block';
    return 1;
  }
}

function toggleBox(szDivId, elem, msg1, msg2)
{
  var res = -1;  if (document.getElementById) {
    res = flip(document.getElementById(szDivId));
  }
  else if (document.all) {
    // this is the way old msie versions work
    res = flip(document.all[szDivId]);
  }
  if(elem) {
    if(res == 0) elem.innerHTML = msg1; else elem.innerHTML = msg2;
  }

}

function toggleAllBoxes() {
  if (document.getElementsByTagName) {
    d = document.getElementsByTagName('div');
    for (i = 0; i < d.length; i++) {
      if (d[i].className == 'log') {
        flip(d[i]);
      }
    }
  }
}

// -->
</script>

</head>
<body>
<h2 align='center'>Default test</h2><table border='1' align="center">
<tr>
<td>Tests passed/Failed/Skipped:</td><td>9/1/0</td>
</tr><tr>
<td>Started on:</td><td>Tue Aug 19 22:32:36 EDT 2025</td>
</tr>
<tr><td>Total time:</td><td>49 seconds (49366 ms)</td>
</tr><tr>
<td>Included groups:</td><td></td>
</tr><tr>
<td>Excluded groups:</td><td></td>
</tr>
</table><p/>
<small><i>(Hover the method name to see the test class name)</i></small><p/>
<table width='100%' border='1' class='invocation-failed'>
<tr><td colspan='4' align='center'><b>FAILED TESTS</b></td></tr>
<tr><td><b>Test method</b></td>
<td><b>Attribute(s)</b></td>
<td width="30%"><b>Exception</b></td>
<td width="10%"><b>Time (seconds)</b></td>
<td><b>Instance</b></td>
</tr>
<tr>
<td title='ecom.Tests.RegistrationTest.registrationValidationTest()'><b>registrationValidationTest</b><br>Test class: ecom.Tests.RegistrationTest<br>Parameters: {occupationValue=3: Engineer, firstName=Trunks, lastName=Briefs, password=Password123, name=Extra Test Case, mobile=9876543210, checkbox=true, confirmPassword=Password123, expectedError=//div[contains(text(),'*Some error for demo')], email=trunks@example.com}</td>
<td><div><pre>org.openqa.selenium.NoSuchElementException: no such element: Unable to locate element: {&quot;method&quot;:&quot;xpath&quot;,&quot;selector&quot;:&quot;//div[contains(text(),&apos;*Some error for demo&apos;)]&quot;}
  (Session info: chrome=139.0.7258.127)
For documentation on this error, please visit: https://www.selenium.dev/documentation/webdriver/troubleshooting/errors#no-such-element-exception
Build info: version: &apos;4.33.0&apos;, revision: &apos;2c6aaad03a&apos;
System info: os.name: &apos;Linux&apos;, os.arch: &apos;amd64&apos;, os.version: &apos;6.8.0-71-generic&apos;, java.version: &apos;21.0.8&apos;
Driver info: org.openqa.selenium.chrome.ChromeDriver
Command: [f06507183df79f309353a824c9ecad07, findElement {using=xpath, value=//div[contains(text(),&apos;*Some error for demo&apos;)]}]
Capabilities {acceptInsecureCerts: false, browserName: chrome, browserVersion: 139.0.7258.127, chrome: {chromedriverVersion: 139.0.7258.68 (40ff94600b6e..., userDataDir: /tmp/.org.chromium.Chromium...}, fedcm:accounts: true, goog:chromeOptions: {debuggerAddress: localhost:34829}, networkConnectionEnabled: false, pageLoadStrategy: normal, platformName: linux, proxy: Proxy(), se:cdp: ws://localhost:34829/devtoo..., se:cdpVersion: 139.0.7258.127, setWindowRect: true, strictFileInteractability: false, timeouts: {implicit: 0, pageLoad: 300000, script: 30000}, unhandledPromptBehavior: dismiss and notify, webauthn:extension:credBlob: true, webauthn:extension:largeBlob: true, webauthn:extension:minPinLength: true, webauthn:extension:prf: true, webauthn:virtualAuthenticators: true}
Session ID: f06507183df79f309353a824c9ecad07
	at java.base/jdk.internal.reflect.DirectConstructorHandleAccessor.newInstance(DirectConstructorHandleAccessor.java:62)
	at java.base/java.lang.reflect.Constructor.newInstanceWithCaller(Constructor.java:502)
	at java.base/java.lang.reflect.Constructor.newInstance(Constructor.java:486)
	at org.openqa.selenium.remote.ErrorCodec.decode(ErrorCodec.java:167)
	at org.openqa.selenium.remote.codec.w3c.W3CHttpResponseCodec.decode(W3CHttpResponseCodec.java:138)
	at org.openqa.selenium.remote.codec.w3c.W3CHttpResponseCodec.decode(W3CHttpResponseCodec.java:50)
	at org.openqa.selenium.remote.HttpCommandExecutor.execute(HttpCommandExecutor.java:215)
	at org.openqa.selenium.remote.service.DriverCommandExecutor.invokeExecute(DriverCommandExecutor.java:216)
	at org.openqa.selenium.remote.service.DriverCommandExecutor.execute(DriverCommandExecutor.java:174)
	at org.openqa.selenium.remote.RemoteWebDriver.execute(RemoteWebDriver.java:544)
	at org.openqa.selenium.remote.ElementLocation$ElementFinder$2.findElement(ElementLocation.java:165)
	at org.openqa.selenium.remote.ElementLocation.findElement(ElementLocation.java:59)
	at org.openqa.selenium.remote.RemoteWebDriver.findElement(RemoteWebDriver.java:367)
	at org.openqa.selenium.remote.RemoteWebDriver.findElement(RemoteWebDriver.java:361)
	at ecom.Tests.RegistrationTest.registrationValidationTest(RegistrationTest.java:72)
	at java.base/jdk.internal.reflect.DirectMethodHandleAccessor.invoke(DirectMethodHandleAccessor.java:103)
	at java.base/java.lang.reflect.Method.invoke(Method.java:580)
	at org.testng.internal.invokers.MethodInvocationHelper.invokeMethod(MethodInvocationHelper.java:139)
	at org.testng.internal.invokers.TestInvoker.invokeMethod(TestInvoker.java:664)
	at org.testng.internal.invokers.TestInvoker.invokeTestMethod(TestInvoker.java:228)
	at org.testng.internal.invokers.MethodRunner.runInSequence(MethodRunner.java:63)
	at org.testng.internal.invokers.TestInvoker$MethodInvocationAgent.invoke(TestInvoker.java:961)
	at org.testng.internal.invokers.TestInvoker.invokeTestMethods(TestInvoker.java:201)
	at org.testng.internal.invokers.TestMethodWorker.invokeTestMethods(TestMethodWorker.java:148)
	at org.testng.internal.invokers.TestMethodWorker.run(TestMethodWorker.java:128)
	at java.base/java.util.ArrayList.forEach(ArrayList.java:1596)
	at org.testng.TestRunner.privateRun(TestRunner.java:819)
	at org.testng.TestRunner.run(TestRunner.java:619)
	at org.testng.SuiteRunner.runTest(SuiteRunner.java:443)
	at org.testng.SuiteRunner.runSequentially(SuiteRunner.java:437)
	at org.testng.SuiteRunner.privateRun(SuiteRunner.java:397)
	at org.testng.SuiteRunner.run(SuiteRunner.java:336)
	at org.testng.SuiteRunnerWorker.runSuite(SuiteRunnerWorker.java:52)
	at org.testng.SuiteRunnerWorker.run(SuiteRunnerWorker.java:95)
	at org.testng.TestNG.runSuitesSequentially(TestNG.java:1301)
	at org.testng.TestNG.runSuitesLocally(TestNG.java:1228)
	at org.testng.TestNG.runSuites(TestNG.java:1134)
	at org.testng.TestNG.run(TestNG.java:1101)
	at org.testng.remote.AbstractRemoteTestNG.run(AbstractRemoteTestNG.java:115)
	at org.testng.remote.RemoteTestNG.initAndRun(RemoteTestNG.java:293)
	at org.testng.remote.RemoteTestNG.main(RemoteTestNG.java:91)
</pre></div><a href='#' onClick='toggleBox("stack-trace998574047", this, "Click to show all stack frames", "Click to hide stack frames")'>Click to show all stack frames</a>
<div class='stack-trace' id='stack-trace998574047'><pre>org.openqa.selenium.NoSuchElementException: no such element: Unable to locate element: {&quot;method&quot;:&quot;xpath&quot;,&quot;selector&quot;:&quot;//div[contains(text(),&apos;*Some error for demo&apos;)]&quot;}
  (Session info: chrome=139.0.7258.127)
For documentation on this error, please visit: https://www.selenium.dev/documentation/webdriver/troubleshooting/errors#no-such-element-exception
Build info: version: &apos;4.33.0&apos;, revision: &apos;2c6aaad03a&apos;
System info: os.name: &apos;Linux&apos;, os.arch: &apos;amd64&apos;, os.version: &apos;6.8.0-71-generic&apos;, java.version: &apos;21.0.8&apos;
Driver info: org.openqa.selenium.chrome.ChromeDriver
Command: [f06507183df79f309353a824c9ecad07, findElement {using=xpath, value=//div[contains(text(),&apos;*Some error for demo&apos;)]}]
Capabilities {acceptInsecureCerts: false, browserName: chrome, browserVersion: 139.0.7258.127, chrome: {chromedriverVersion: 139.0.7258.68 (40ff94600b6e..., userDataDir: /tmp/.org.chromium.Chromium...}, fedcm:accounts: true, goog:chromeOptions: {debuggerAddress: localhost:34829}, networkConnectionEnabled: false, pageLoadStrategy: normal, platformName: linux, proxy: Proxy(), se:cdp: ws://localhost:34829/devtoo..., se:cdpVersion: 139.0.7258.127, setWindowRect: true, strictFileInteractability: false, timeouts: {implicit: 0, pageLoad: 300000, script: 30000}, unhandledPromptBehavior: dismiss and notify, webauthn:extension:credBlob: true, webauthn:extension:largeBlob: true, webauthn:extension:minPinLength: true, webauthn:extension:prf: true, webauthn:virtualAuthenticators: true}
Session ID: f06507183df79f309353a824c9ecad07
	at java.base/jdk.internal.reflect.DirectConstructorHandleAccessor.newInstance(DirectConstructorHandleAccessor.java:62)
	at java.base/java.lang.reflect.Constructor.newInstanceWithCaller(Constructor.java:502)
	at java.base/java.lang.reflect.Constructor.newInstance(Constructor.java:486)
	at org.openqa.selenium.remote.ErrorCodec.decode(ErrorCodec.java:167)
	at org.openqa.selenium.remote.codec.w3c.W3CHttpResponseCodec.decode(W3CHttpResponseCodec.java:138)
	at org.openqa.selenium.remote.codec.w3c.W3CHttpResponseCodec.decode(W3CHttpResponseCodec.java:50)
	at org.openqa.selenium.remote.HttpCommandExecutor.execute(HttpCommandExecutor.java:215)
	at org.openqa.selenium.remote.service.DriverCommandExecutor.invokeExecute(DriverCommandExecutor.java:216)
	at org.openqa.selenium.remote.service.DriverCommandExecutor.execute(DriverCommandExecutor.java:174)
	at org.openqa.selenium.remote.RemoteWebDriver.execute(RemoteWebDriver.java:544)
	at org.openqa.selenium.remote.ElementLocation$ElementFinder$2.findElement(ElementLocation.java:165)
	at org.openqa.selenium.remote.ElementLocation.findElement(ElementLocation.java:59)
	at org.openqa.selenium.remote.RemoteWebDriver.findElement(RemoteWebDriver.java:367)
	at org.openqa.selenium.remote.RemoteWebDriver.findElement(RemoteWebDriver.java:361)
	at ecom.Tests.RegistrationTest.registrationValidationTest(RegistrationTest.java:72)
	at java.base/jdk.internal.reflect.DirectMethodHandleAccessor.invoke(DirectMethodHandleAccessor.java:103)
	at java.base/java.lang.reflect.Method.invoke(Method.java:580)
	at org.testng.internal.invokers.MethodInvocationHelper.invokeMethod(MethodInvocationHelper.java:139)
	at org.testng.internal.invokers.TestInvoker.invokeMethod(TestInvoker.java:664)
	at org.testng.internal.invokers.TestInvoker.invokeTestMethod(TestInvoker.java:228)
	at org.testng.internal.invokers.MethodRunner.runInSequence(MethodRunner.java:63)
	at org.testng.internal.invokers.TestInvoker$MethodInvocationAgent.invoke(TestInvoker.java:961)
	at org.testng.internal.invokers.TestInvoker.invokeTestMethods(TestInvoker.java:201)
	at org.testng.internal.invokers.TestMethodWorker.invokeTestMethods(TestMethodWorker.java:148)
	at org.testng.internal.invokers.TestMethodWorker.run(TestMethodWorker.java:128)
	at java.base/java.util.ArrayList.forEach(ArrayList.java:1596)
	at org.testng.TestRunner.privateRun(TestRunner.java:819)
	at org.testng.TestRunner.run(TestRunner.java:619)
	at org.testng.SuiteRunner.runTest(SuiteRunner.java:443)
	at org.testng.SuiteRunner.runSequentially(SuiteRunner.java:437)
	at org.testng.SuiteRunner.privateRun(SuiteRunner.java:397)
	at org.testng.SuiteRunner.run(SuiteRunner.java:336)
	at org.testng.SuiteRunnerWorker.runSuite(SuiteRunnerWorker.java:52)
	at org.testng.SuiteRunnerWorker.run(SuiteRunnerWorker.java:95)
	at org.testng.TestNG.runSuitesSequentially(TestNG.java:1301)
	at org.testng.TestNG.runSuitesLocally(TestNG.java:1228)
	at org.testng.TestNG.runSuites(TestNG.java:1134)
	at org.testng.TestNG.run(TestNG.java:1101)
	at org.testng.remote.AbstractRemoteTestNG.run(AbstractRemoteTestNG.java:115)
	at org.testng.remote.RemoteTestNG.initAndRun(RemoteTestNG.java:293)
	at org.testng.remote.RemoteTestNG.main(RemoteTestNG.java:91)
</pre></div></td>
<td>10</td>
<td>ecom.Tests.RegistrationTest@710b18a6</td></tr>
</table><p>
<table width='100%' border='1' class='invocation-passed'>
<tr><td colspan='4' align='center'><b>PASSED TESTS</b></td></tr>
<tr><td><b>Test method</b></td>
<td><b>Attribute(s)</b></td>
<td width="30%"><b>Exception</b></td>
<td width="10%"><b>Time (seconds)</b></td>
<td><b>Instance</b></td>
</tr>
<tr>
<td title='ecom.Tests.RegistrationTest.registrationValidationTest()'><b>registrationValidationTest</b><br>Test class: ecom.Tests.RegistrationTest<br>Parameters: {occupationValue=3: Engineer, firstName=Kylian, lastName=Mbapp√©, password=, name=Password Required, mobile=9876543210, checkbox=true, confirmPassword=Password123, expectedError=//div[contains(text(),'*Password is required')], email=mbappe@example.com}</td>
<td></td>
<td>0</td>
<td>ecom.Tests.RegistrationTest@710b18a6</td></tr>
<tr>
<td title='ecom.Tests.RegistrationTest.registrationValidationTest()'><b>registrationValidationTest</b><br>Test class: ecom.Tests.RegistrationTest<br>Parameters: {occupationValue=3: Engineer, firstName=Piccolo, lastName=Namek, password=Password123, name=Phone Number With Letters, mobile=98ABCD1234, checkbox=true, confirmPassword=Password123, expectedError=//div[normalize-space()='*only numbers is allowed'], email=piccolo@example.com}</td>
<td></td>
<td>0</td>
<td>ecom.Tests.RegistrationTest@710b18a6</td></tr>
<tr>
<td title='ecom.Tests.RegistrationTest.registrationValidationTest()'><b>registrationValidationTest</b><br>Test class: ecom.Tests.RegistrationTest<br>Parameters: {occupationValue=3: Engineer, firstName=Mohamed, lastName=Salah, password=Password123, name=Confirm Password Required, mobile=9876543210, checkbox=true, confirmPassword=, expectedError=//div[contains(text(),'Confirm Password is required')], email=salah@example.com}</td>
<td></td>
<td>0</td>
<td>ecom.Tests.RegistrationTest@710b18a6</td></tr>
<tr>
<td title='ecom.Tests.RegistrationTest.registrationValidationTest()'><b>registrationValidationTest</b><br>Test class: ecom.Tests.RegistrationTest<br>Parameters: {occupationValue=3: Engineer, firstName=Vegeta, lastName=Prince, password=Password123, name=Password and Confirm Password Mismatch, mobile=9876543210, checkbox=true, confirmPassword=Password999, expectedError=//div[contains(text(),'Password and Confirm Password must match')], email=vegeta@example.com}</td>
<td></td>
<td>0</td>
<td>ecom.Tests.RegistrationTest@710b18a6</td></tr>
<tr>
<td title='ecom.Tests.RegistrationTest.registrationValidationTest()'><b>registrationValidationTest</b><br>Test class: ecom.Tests.RegistrationTest<br>Parameters: {occupationValue=3: Engineer, firstName=Neymar, lastName=Junior, password=Password123, name=Phone Number Required, mobile=, checkbox=true, confirmPassword=Password123, expectedError=//div[contains(text(),'*Phone Number is required')], email=neymar@example.com}</td>
<td></td>
<td>0</td>
<td>ecom.Tests.RegistrationTest@710b18a6</td></tr>
<tr>
<td title='ecom.Tests.RegistrationTest.registrationValidationTest()'><b>registrationValidationTest</b><br>Test class: ecom.Tests.RegistrationTest<br>Parameters: {occupationValue=3: Engineer, firstName=Gohan, lastName=Son, password=Password123, name=Phone Number More Than 10 Digits, mobile=9876543210987, checkbox=true, confirmPassword=Password123, expectedError=//div[normalize-space()='*Phone Number must be 10 digit'], email=gohan@example.com}</td>
<td></td>
<td>0</td>
<td>ecom.Tests.RegistrationTest@710b18a6</td></tr>
<tr>
<td title='ecom.Tests.RegistrationTest.registrationValidationTest()'><b>registrationValidationTest</b><br>Test class: ecom.Tests.RegistrationTest<br>Parameters: {occupationValue=3: Engineer, firstName=Lionel, lastName=Messi, password=Password123, name=Email Required, mobile=9876543210, checkbox=true, confirmPassword=Password123, expectedError=//div[contains(text(),'*Email is required')], email=}</td>
<td></td>
<td>0</td>
<td>ecom.Tests.RegistrationTest@710b18a6</td></tr>
<tr>
<td title='ecom.Tests.RegistrationTest.registrationValidationTest()'><b>registrationValidationTest</b><br>Test class: ecom.Tests.RegistrationTest<br>Parameters: {occupationValue=3: Engineer, firstName=Goku, lastName=Son, password=Password123, name=Checkbox Not Selected, mobile=9876543210, checkbox=false, confirmPassword=Password123, expectedError=//div[contains(text(),'*Please check above checkbox')], email=goku@example.com}</td>
<td></td>
<td>0</td>
<td>ecom.Tests.RegistrationTest@710b18a6</td></tr>
<tr>
<td title='ecom.Tests.RegistrationTest.registrationValidationTest()'><b>registrationValidationTest</b><br>Test class: ecom.Tests.RegistrationTest<br>Parameters: {occupationValue=3: Engineer, firstName=, lastName=Ronaldo, password=Password123, name=First Name Required, mobile=9876543210, checkbox=true, confirmPassword=Password123, expectedError=//div[contains(text(),'*First Name is required')], email=cr7@example.com}</td>
<td></td>
<td>0</td>
<td>ecom.Tests.RegistrationTest@710b18a6</td></tr>
</table><p>
</body>
</html>