<?xml version="1.0" encoding="UTF-8"?>
<!-- Generated by org.testng.reporters.JUnitXMLReporter -->
<testsuite ignored="0" hostname="rebof-Nitro" failures="0" tests="10" name="Default test" time="42.521" errors="0" timestamp="2025-08-19T08:47:00 EDT">
  <testcase classname="ecom.Tests.FiltersTest" name="testCategoryElectronics" time="0.86"/>
  <testcase classname="ecom.Tests.FiltersTest" name="testCategoryFashion" time="0.97"/>
  <testcase classname="ecom.Tests.FiltersTest" name="testCategoryHousehold" time="0.774"/>
  <testcase classname="ecom.Tests.FiltersTest" name="testPriceRangeFilter" time="2.758"/>
  <testcase classname="ecom.Tests.FiltersTest" name="testSearchFilter" time="0.586"/>
  <testcase classname="ecom.Tests.FiltersTest" name="testSubCategoryLaptops" time="0.86"/>
  <testcase classname="ecom.Tests.FiltersTest" name="testSubCategoryMobiles" time="0.936"/>
  <testcase classname="ecom.Tests.FiltersTest" name="testSubCategoryShirts" time="0.941"/>
  <testcase classname="ecom.Tests.FiltersTest" name="testSubCategoryShoes" time="0.792"/>
  <testcase classname="ecom.Tests.FiltersTest" name="testSubCategoryTshirts" time="0.893"/>
</testsuite> <!-- Default test -->
