<?xml version="1.0" encoding="UTF-8"?>
<!-- Generated by org.testng.reporters.JUnitXMLReporter -->
<testsuite ignored="0" hostname="rebof-Nitro" failures="0" tests="2" name="Error Validations Test" time="34.03" errors="0" timestamp="2025-08-13T13:42:48 EDT">
  <testcase classname="ecom.Tests.ErrorValidationsTest" name="loginErrorValidation" time="0.844"/>
  <testcase classname="ecom.Tests.ErrorValidationsTest" name="productErrorValidation" time="15.42"/>
</testsuite> <!-- Error Validations Test -->
