<?xml version="1.0" encoding="UTF-8"?>
<testng-results ignored="0" total="1" passed="1" failed="0" skipped="0">
  <reporter-output>
  </reporter-output>
  <suite started-at="2025-08-14T01:45:23 EDT" name="Ecom Suite" finished-at="2025-08-14T01:45:45 EDT" duration-ms="22229">
    <groups>
      <group name="cartValidation">
        <method signature="ErrorValidationsTest.productErrorValidation()[pri:0, instance:ecom.Tests.ErrorValidationsTest@1922e6d]" name="productErrorValidation" class="ecom.Tests.ErrorValidationsTest"/>
      </group> <!-- cartValidation -->
    </groups>
    <test started-at="2025-08-14T01:45:23 EDT" name="Cart Validation Test" finished-at="2025-08-14T01:45:45 EDT" duration-ms="22229">
      <class name="ecom.Tests.ErrorValidationsTest">
        <test-method is-config="true" signature="launchApplication()[pri:0, instance:ecom.Tests.ErrorValidationsTest@1922e6d]" started-at="2025-08-14T01:45:23 EDT" name="launchApplication" finished-at="2025-08-14T01:45:29 EDT" duration-ms="6180" status="PASS">
          <reporter-output>
          </reporter-output>
        </test-method> <!-- launchApplication -->
        <test-method signature="productErrorValidation()[pri:0, instance:ecom.Tests.ErrorValidationsTest@1922e6d]" started-at="2025-08-14T01:45:29 EDT" name="productErrorValidation" finished-at="2025-08-14T01:45:44 EDT" duration-ms="15328" status="PASS">
          <reporter-output>
          </reporter-output>
        </test-method> <!-- productErrorValidation -->
        <test-method is-config="true" signature="tearDown()[pri:0, instance:ecom.Tests.ErrorValidationsTest@1922e6d]" started-at="2025-08-14T01:45:44 EDT" name="tearDown" finished-at="2025-08-14T01:45:45 EDT" duration-ms="684" status="PASS">
          <reporter-output>
          </reporter-output>
        </test-method> <!-- tearDown -->
      </class> <!-- ecom.Tests.ErrorValidationsTest -->
    </test> <!-- Cart Validation Test -->
  </suite> <!-- Ecom Suite -->
</testng-results>
