<?xml version="1.0" encoding="UTF-8"?>
<testng-results ignored="0" total="1" passed="1" failed="0" skipped="0">
  <reporter-output>
  </reporter-output>
  <suite started-at="2025-08-20T23:40:04 EDT" name="Default suite" finished-at="2025-08-20T23:40:10 EDT" duration-ms="5806">
    <groups>
    </groups>
    <test started-at="2025-08-20T23:40:04 EDT" name="Default test" finished-at="2025-08-20T23:40:10 EDT" duration-ms="5806">
      <class name="ecom.Tests.ProductDetailsTest">
        <test-method is-config="true" signature="launchApplication()[pri:0, instance:ecom.Tests.ProductDetailsTest@710b18a6]" started-at="2025-08-20T23:40:04 EDT" name="launchApplication" finished-at="2025-08-20T23:40:09 EDT" duration-ms="4855" status="PASS">
          <reporter-output>
          </reporter-output>
        </test-method> <!-- launchApplication -->
        <test-method signature="verifyProductPriceConsistency()[pri:0, instance:ecom.Tests.ProductDetailsTest@710b18a6]" started-at="2025-08-20T23:40:09 EDT" name="verifyProductPriceConsistency" finished-at="2025-08-20T23:40:10 EDT" duration-ms="852" status="PASS">
          <reporter-output>
          </reporter-output>
        </test-method> <!-- verifyProductPriceConsistency -->
        <test-method is-config="true" signature="tearDown()[pri:0, instance:ecom.Tests.ProductDetailsTest@710b18a6]" started-at="2025-08-20T23:40:10 EDT" name="tearDown" finished-at="2025-08-20T23:40:10 EDT" duration-ms="73" status="PASS">
          <reporter-output>
          </reporter-output>
        </test-method> <!-- tearDown -->
      </class> <!-- ecom.Tests.ProductDetailsTest -->
    </test> <!-- Default test -->
  </suite> <!-- Default suite -->
</testng-results>
