<?xml version="1.0" encoding="UTF-8"?>
<testng-results ignored="0" total="2" passed="1" failed="1" skipped="0">
  <reporter-output>
  </reporter-output>
  <suite started-at="2025-08-17T11:24:20 EDT" name="Default suite" finished-at="2025-08-17T11:25:00 EDT" duration-ms="40423">
    <groups>
      <group name="cucumber">
        <method signature="AbstractTestNGCucumberTests.runScenario(io.cucumber.testng.PickleWrapper,io.cucumber.testng.FeatureWrapper)[pri:0, instance:cucumber.TestNGRunner@411f53a0]" name="runScenario" class="io.cucumber.testng.AbstractTestNGCucumberTests"/>
      </group> <!-- cucumber -->
    </groups>
    <test started-at="2025-08-17T11:24:20 EDT" name="Default test" finished-at="2025-08-17T11:25:00 EDT" duration-ms="40423">
      <class name="cucumber.TestNGRunner">
        <test-method is-config="true" signature="setUpClass(org.testng.ITestContext)[pri:0, instance:cucumber.TestNGRunner@411f53a0]" started-at="2025-08-17T11:24:20 EDT" name="setUpClass" finished-at="2025-08-17T11:24:20 EDT" duration-ms="350" status="PASS">
          <params>
            <param index="0">
              <value>
                <![CDATA[org.testng.TestRunner@40e32762]]>
              </value>
            </param>
          </params>
          <reporter-output>
          </reporter-output>
        </test-method> <!-- setUpClass -->
        <test-method signature="runScenario(io.cucumber.testng.PickleWrapper,io.cucumber.testng.FeatureWrapper)[pri:0, instance:cucumber.TestNGRunner@411f53a0]" started-at="2025-08-17T11:24:20 EDT" name="runScenario" description="Runs Cucumber Scenarios" data-provider="scenarios" finished-at="2025-08-17T11:24:43 EDT" duration-ms="23177" status="PASS">
          <params>
            <param index="0">
              <value>
                <![CDATA["Place an order successfully"]]>
              </value>
            </param>
            <param index="1">
              <value>
                <![CDATA["Submit order flow"]]>
              </value>
            </param>
          </params>
          <reporter-output>
          </reporter-output>
        </test-method> <!-- runScenario -->
        <test-method signature="runScenario(io.cucumber.testng.PickleWrapper,io.cucumber.testng.FeatureWrapper)[pri:0, instance:cucumber.TestNGRunner@411f53a0]" started-at="2025-08-17T11:24:43 EDT" name="runScenario" description="Runs Cucumber Scenarios" data-provider="scenarios" finished-at="2025-08-17T11:25:00 EDT" duration-ms="16841" status="FAIL">
          <params>
            <param index="0">
              <value>
                <![CDATA["Place an order successfully"]]>
              </value>
            </param>
            <param index="1">
              <value>
                <![CDATA["Submit order flow"]]>
              </value>
            </param>
          </params>
          <exception class="org.openqa.selenium.TimeoutException">
            <message>
              <![CDATA[Expected condition failed: waiting for visibility of element located by By.cssSelector: .mb-3 (tried for 5 second(s) with 500 milliseconds interval)
Build info: version: '4.33.0', revision: '2c6aaad03a'
System info: os.name: 'Linux', os.arch: 'amd64', os.version: '6.8.0-71-generic', java.version: '21.0.8'
Driver info: org.openqa.selenium.firefox.FirefoxDriver
Capabilities {acceptInsecureCerts: true, browserName: firefox, browserVersion: 141.0.3, moz:accessibilityChecks: false, moz:buildID: 20250806102122, moz:geckodriverVersion: 0.36.0, moz:headless: false, moz:platformVersion: 6.8.0-71-generic, moz:processID: 1404304, moz:profile: /tmp/rust_mozprofileAq6KdQ, moz:shutdownTimeout: 60000, moz:webdriverClick: true, moz:windowless: false, pageLoadStrategy: normal, platformName: linux, proxy: Proxy(), setWindowRect: true, strictFileInteractability: false, timeouts: {implicit: 0, pageLoad: 300000, script: 30000}, unhandledPromptBehavior: dismiss and notify, userAgent: Mozilla/5.0 (X11; Linux x86...}
Session ID: e7b41ef5-6114-47eb-82a2-146675e76f8f]]>
            </message>
            <full-stacktrace>
              <![CDATA[org.openqa.selenium.TimeoutException: Expected condition failed: waiting for visibility of element located by By.cssSelector: .mb-3 (tried for 5 second(s) with 500 milliseconds interval)
Build info: version: '4.33.0', revision: '2c6aaad03a'
System info: os.name: 'Linux', os.arch: 'amd64', os.version: '6.8.0-71-generic', java.version: '21.0.8'
Driver info: org.openqa.selenium.firefox.FirefoxDriver
Capabilities {acceptInsecureCerts: true, browserName: firefox, browserVersion: 141.0.3, moz:accessibilityChecks: false, moz:buildID: 20250806102122, moz:geckodriverVersion: 0.36.0, moz:headless: false, moz:platformVersion: 6.8.0-71-generic, moz:processID: 1404304, moz:profile: /tmp/rust_mozprofileAq6KdQ, moz:shutdownTimeout: 60000, moz:webdriverClick: true, moz:windowless: false, pageLoadStrategy: normal, platformName: linux, proxy: Proxy(), setWindowRect: true, strictFileInteractability: false, timeouts: {implicit: 0, pageLoad: 300000, script: 30000}, unhandledPromptBehavior: dismiss and notify, userAgent: Mozilla/5.0 (X11; Linux x86...}
Session ID: e7b41ef5-6114-47eb-82a2-146675e76f8f
at org.openqa.selenium.support.ui.WebDriverWait.timeoutException(WebDriverWait.java:84)
at org.openqa.selenium.support.ui.FluentWait.until(FluentWait.java:228)
at ecom.common.CommonComponents.waitForVisibility(CommonComponents.java:33)
at ecom.pageobjects.ProductCataloguePage.getProductList(ProductCataloguePage.java:24)
at ecom.pageobjects.ProductCataloguePage.getProductByName(ProductCataloguePage.java:32)
at ecom.pageobjects.ProductCataloguePage.addProductToCart(ProductCataloguePage.java:43)
at ecom.stepDefinitions.StepDefinitionCucumber.the_user_adds_product_to_the_cart(StepDefinitionCucumber.java:38)
at ✽.the user adds product "ADIDAS SHOES" to the cart(file:///home/rebof/eclipse-workspace/rahushetty_ecommerce/src/test/java/cucumber/SubmitOrderTest.feature:16)
]]>
            </full-stacktrace>
          </exception> <!-- org.openqa.selenium.TimeoutException -->
          <reporter-output>
          </reporter-output>
        </test-method> <!-- runScenario -->
        <test-method is-config="true" signature="tearDownClass()[pri:0, instance:cucumber.TestNGRunner@411f53a0]" started-at="2025-08-17T11:25:00 EDT" name="tearDownClass" finished-at="2025-08-17T11:25:00 EDT" duration-ms="16" status="PASS">
          <reporter-output>
          </reporter-output>
        </test-method> <!-- tearDownClass -->
      </class> <!-- cucumber.TestNGRunner -->
    </test> <!-- Default test -->
  </suite> <!-- Default suite -->
</testng-results>
