<?xml version="1.0" encoding="UTF-8"?>
<testng-results ignored="0" total="1" passed="1" failed="0" skipped="0">
  <reporter-output>
  </reporter-output>
  <suite started-at="2025-08-25T11:06:52 EDT" name="Default suite" finished-at="2025-08-25T11:06:59 EDT" duration-ms="7899">
    <groups>
    </groups>
    <test started-at="2025-08-25T11:06:52 EDT" name="Default test" finished-at="2025-08-25T11:06:59 EDT" duration-ms="7899">
      <class name="ecom.Tests.ForgotPasswordTest">
        <test-method is-config="true" signature="launchApplication()[pri:0, instance:ecom.Tests.ForgotPasswordTest@710b18a6]" started-at="2025-08-25T11:06:52 EDT" name="launchApplication" finished-at="2025-08-25T11:06:58 EDT" duration-ms="6324" status="PASS">
          <reporter-output>
          </reporter-output>
        </test-method> <!-- launchApplication -->
        <test-method signature="forgotPasswordFlow()[pri:0, instance:ecom.Tests.ForgotPasswordTest@710b18a6]" started-at="2025-08-25T11:06:58 EDT" name="forgotPasswordFlow" finished-at="2025-08-25T11:06:59 EDT" duration-ms="1469" status="PASS">
          <reporter-output>
          </reporter-output>
        </test-method> <!-- forgotPasswordFlow -->
        <test-method is-config="true" signature="tearDown()[pri:0, instance:ecom.Tests.ForgotPasswordTest@710b18a6]" started-at="2025-08-25T11:06:59 EDT" name="tearDown" finished-at="2025-08-25T11:06:59 EDT" duration-ms="74" status="PASS">
          <reporter-output>
          </reporter-output>
        </test-method> <!-- tearDown -->
      </class> <!-- ecom.Tests.ForgotPasswordTest -->
    </test> <!-- Default test -->
  </suite> <!-- Default suite -->
</testng-results>
