<?xml version="1.0" encoding="UTF-8"?>
<!-- Generated by org.testng.reporters.JUnitXMLReporter -->
<testsuite ignored="1" hostname="rebof-Nitro" failures="0" tests="1" name="Cart Validation Test" time="16.419" errors="0" timestamp="2025-08-25T10:05:54 EDT">
  <testcase classname="ecom.Tests.ErrorValidationsTest" name="productErrorValidation" time="13.637"/>
  <testcase classname="ecom.Tests.ErrorValidationsTest" name="loginErrorValidation" time="0.0">
    <ignored/>
  </testcase> <!-- loginErrorValidation -->
</testsuite> <!-- Cart Validation Test -->
