<?xml version="1.0" encoding="UTF-8"?>
<!-- Generated by org.testng.reporters.JUnitXMLReporter -->
<testsuite ignored="0" hostname="rebof-Nitro" failures="0" tests="2" name="Error Validations Test" time="26.876" errors="0" timestamp="2025-08-13T12:37:16 EDT">
  <testcase classname="ecom.Tests.ErrorValidationsTest" name="loginErrorValidation" time="0.49"/>
  <testcase classname="ecom.Tests.ErrorValidationsTest" name="productErrorValidation" time="14.389"/>
</testsuite> <!-- Error Validations Test -->
