<?xml version="1.0" encoding="UTF-8"?>
<!-- Generated by org.testng.reporters.JUnitXMLReporter -->
<testsuite ignored="1" hostname="rebof-Nitro" failures="0" tests="1" name="Login Validation Test" time="0.08" errors="0" timestamp="2025-08-14T01:34:22 EDT">
  <testcase classname="ecom.Tests.ErrorValidationsTest" name="loginErrorValidation" time="0.036">
    <skipped/>
  </testcase> <!-- loginErrorValidation -->
  <testcase classname="ecom.Tests.ErrorValidationsTest" name="productErrorValidation" time="0.0">
    <ignored/>
  </testcase> <!-- productErrorValidation -->
</testsuite> <!-- Login Validation Test -->
